<?xml version="1.0" encoding="UTF-8"?>
<testng-results ignored="0" total="2" passed="2" failed="0" skipped="0">
  <reporter-output>
  </reporter-output>
  <suite started-at="2022-05-16T16:40:11 IST" name="Assignment" finished-at="2022-05-16T16:41:00 IST" duration-ms="48834">
    <groups>
    </groups>
    <test started-at="2022-05-16T16:40:11 IST" name="Test" finished-at="2022-05-16T16:41:00 IST" duration-ms="48834">
      <class name="demo.Assignment">
        <test-method is-config="true" signature="setup()[pri:0, instance:demo.Assignment@7bab3f1a]" started-at="2022-05-16T16:40:11 IST" name="setup" finished-at="2022-05-16T16:40:34 IST" duration-ms="23118" status="PASS">
          <reporter-output>
          </reporter-output>
        </test-method> <!-- setup -->
        <test-method signature="tc002()[pri:0, instance:demo.Assignment@7bab3f1a]" started-at="2022-05-16T16:40:34 IST" name="tc002" finished-at="2022-05-16T16:40:57 IST" duration-ms="22962" status="PASS">
          <reporter-output>
          </reporter-output>
        </test-method> <!-- tc002 -->
        <test-method signature="tc001()[pri:0, instance:demo.Assignment@7bab3f1a]" started-at="2022-05-16T16:40:34 IST" name="tc001" finished-at="2022-05-16T16:40:50 IST" duration-ms="15417" status="PASS">
          <reporter-output>
          </reporter-output>
        </test-method> <!-- tc001 -->
        <test-method is-config="true" signature="tearDown()[pri:0, instance:demo.Assignment@7bab3f1a]" started-at="2022-05-16T16:40:57 IST" name="tearDown" finished-at="2022-05-16T16:41:00 IST" duration-ms="2680" status="PASS">
          <reporter-output>
          </reporter-output>
        </test-method> <!-- tearDown -->
      </class> <!-- demo.Assignment -->
    </test> <!-- Test -->
  </suite> <!-- Assignment -->
</testng-results>
